<?xml version="1.0" encoding="UTF-8"?>
<testng-results skipped="0" failed="0" ignored="0" total="1" passed="1">
  <reporter-output>
  </reporter-output>
  <suite name="Command line suite" duration-ms="50000" started-at="2021-12-29T11:13:56 COT" finished-at="2021-12-29T11:14:46 COT">
    <groups>
      <group name="cucumber">
        <method signature="AbstractTestNGCucumberTests.feature(cucumber.api.testng.CucumberFeatureWrapper)[pri:0, instance:test.RunTest@7791a895]" name="feature" class="cucumber.api.testng.AbstractTestNGCucumberTests"/>
      </group> <!-- cucumber -->
    </groups>
    <test name="Command line test" duration-ms="50000" started-at="2021-12-29T11:13:56 COT" finished-at="2021-12-29T11:14:46 COT">
      <class name="test.RunTest">
        <test-method status="PASS" signature="setUpClass()[pri:0, instance:test.RunTest@7791a895]" name="setUpClass" is-config="true" duration-ms="198" started-at="2021-12-29T11:13:56 COT" finished-at="2021-12-29T11:13:57 COT">
          <reporter-output>
          </reporter-output>
        </test-method> <!-- setUpClass -->
        <test-method status="PASS" signature="feature(cucumber.api.testng.CucumberFeatureWrapper)[pri:0, instance:test.RunTest@7791a895]" name="feature" duration-ms="49686" started-at="2021-12-29T11:13:57 COT" description="Runs Cucumber Feature" data-provider="features" finished-at="2021-12-29T11:14:46 COT">
          <params>
            <param index="0">
              <value>
                <![CDATA[Register]]>
              </value>
            </param>
          </params>
          <reporter-output>
          </reporter-output>
        </test-method> <!-- feature -->
        <test-method status="PASS" signature="tearDownClass()[pri:0, instance:test.RunTest@7791a895]" name="tearDownClass" is-config="true" duration-ms="3" started-at="2021-12-29T11:14:46 COT" finished-at="2021-12-29T11:14:46 COT">
          <reporter-output>
          </reporter-output>
        </test-method> <!-- tearDownClass -->
      </class> <!-- test.RunTest -->
    </test> <!-- Command line test -->
  </suite> <!-- Command line suite -->
</testng-results>
